<?xml version="1.0" encoding="UTF-8"?>
<coverage generated="1722847434967" clover="3.2.0">
  <project timestamp="1722847434968" name="All files">
    <metrics statements="10" coveredstatements="10" conditionals="0" coveredconditionals="0" methods="0" coveredmethods="0" elements="10" coveredelements="10" complexity="0" loc="10" ncloc="10" packages="3" files="3" classes="3"/>
    <package name="config">
      <metrics statements="1" coveredstatements="1" conditionals="0" coveredconditionals="0" methods="0" coveredmethods="0"/>
      <file name="appConfig.js" path="C:\Users\ThuvaraganSabesan\OneDrive - Swivel Group\Documents\Ignite Assessment\thuvaragan-ignite-back-end\config\appConfig.js">
        <metrics statements="1" coveredstatements="1" conditionals="0" coveredconditionals="0" methods="0" coveredmethods="0"/>
        <line num="1" count="1" type="stmt"/>
      </file>
    </package>
    <package name="model">
      <metrics statements="3" coveredstatements="3" conditionals="0" coveredconditionals="0" methods="0" coveredmethods="0"/>
      <file name="employeeModel.js" path="C:\Users\ThuvaraganSabesan\OneDrive - Swivel Group\Documents\Ignite Assessment\thuvaragan-ignite-back-end\model\employeeModel.js">
        <metrics statements="3" coveredstatements="3" conditionals="0" coveredconditionals="0" methods="0" coveredmethods="0"/>
        <line num="5" count="1" type="stmt"/>
        <line num="39" count="1" type="stmt"/>
        <line num="42" count="1" type="stmt"/>
      </file>
    </package>
    <package name="routes">
      <metrics statements="6" coveredstatements="6" conditionals="0" coveredconditionals="0" methods="0" coveredmethods="0"/>
      <file name="crudRoutes.js" path="C:\Users\ThuvaraganSabesan\OneDrive - Swivel Group\Documents\Ignite Assessment\thuvaragan-ignite-back-end\routes\crudRoutes.js">
        <metrics statements="6" coveredstatements="6" conditionals="0" coveredconditionals="0" methods="0" coveredmethods="0"/>
        <line num="5" count="1" type="stmt"/>
        <line num="54" count="1" type="stmt"/>
        <line num="89" count="1" type="stmt"/>
        <line num="131" count="1" type="stmt"/>
        <line num="182" count="1" type="stmt"/>
        <line num="205" count="1" type="stmt"/>
      </file>
    </package>
  </project>
</coverage>
