{"C:\\Users\\ThuvaraganSabesan\\OneDrive - Swivel Group\\Documents\\Ignite Assessment\\thuvaragan-ignite-back-end\\config\\appConfig.js": {"path":"C:\\Users\\ThuvaraganSabesan\\OneDrive - Swivel Group\\Documents\\Ignite Assessment\\thuvaragan-ignite-back-end\\config\\appConfig.js","statementMap":{"0":{"start":{"line":1,"column":0},"end":{"line":5,"column":2}}},"fnMap":{},"branchMap":{},"s":{"0":1},"f":{},"b":{},"_coverageSchema":"1a1c01bbd47fc00a2c39e90264f33305004495a9","hash":"17004ababa6a35d83c17d6bf72c14d7ed9ba4a04"}
,"C:\\Users\\ThuvaraganSabesan\\OneDrive - Swivel Group\\Documents\\Ignite Assessment\\thuvaragan-ignite-back-end\\model\\employeeModel.js": {"path":"C:\\Users\\ThuvaraganSabesan\\OneDrive - Swivel Group\\Documents\\Ignite Assessment\\thuvaragan-ignite-back-end\\model\\employeeModel.js","statementMap":{"0":{"start":{"line":5,"column":23},"end":{"line":37,"column":1}},"1":{"start":{"line":39,"column":0},"end":{"line":39,"column":40}},"2":{"start":{"line":42,"column":17},"end":{"line":42,"column":72}}},"fnMap":{},"branchMap":{},"s":{"0":1,"1":1,"2":1},"f":{},"b":{},"_coverageSchema":"1a1c01bbd47fc00a2c39e90264f33305004495a9","hash":"c5543d022d820669f3bd2909f04efb282a1461e9"}
,"C:\\Users\\ThuvaraganSabesan\\OneDrive - Swivel Group\\Documents\\Ignite Assessment\\thuvaragan-ignite-back-end\\routes\\crudRoutes.js": {"path":"C:\\Users\\ThuvaraganSabesan\\OneDrive - Swivel Group\\Documents\\Ignite Assessment\\thuvaragan-ignite-back-end\\routes\\crudRoutes.js","statementMap":{"0":{"start":{"line":5,"column":22},"end":{"line":5,"column":38}},"1":{"start":{"line":54,"column":0},"end":{"line":54,"column":67}},"2":{"start":{"line":89,"column":0},"end":{"line":89,"column":67}},"3":{"start":{"line":131,"column":0},"end":{"line":131,"column":71}},"4":{"start":{"line":182,"column":0},"end":{"line":182,"column":70}},"5":{"start":{"line":205,"column":0},"end":{"line":205,"column":73}}},"fnMap":{},"branchMap":{},"s":{"0":1,"1":1,"2":1,"3":1,"4":1,"5":1},"f":{},"b":{},"_coverageSchema":"1a1c01bbd47fc00a2c39e90264f33305004495a9","hash":"3e9a7c2092dc0b5c736deea483e12f893caba963"}
}
