{"C:\\Users\\ThuvaraganSabesan\\OneDrive - Swivel Group\\Documents\\Ignite Assessment\\thuvaragan-ignite-back-end\\config\\appConfig.js": {"path":"C:\\Users\\ThuvaraganSabesan\\OneDrive - Swivel Group\\Documents\\Ignite Assessment\\thuvaragan-ignite-back-end\\config\\appConfig.js","statementMap":{"0":{"start":{"line":1,"column":0},"end":{"line":5,"column":2}}},"fnMap":{},"branchMap":{},"s":{"0":1},"f":{},"b":{},"_coverageSchema":"1a1c01bbd47fc00a2c39e90264f33305004495a9","hash":"17004ababa6a35d83c17d6bf72c14d7ed9ba4a04"}
,"C:\\Users\\ThuvaraganSabesan\\OneDrive - Swivel Group\\Documents\\Ignite Assessment\\thuvaragan-ignite-back-end\\config\\loggerConfig.js": {"path":"C:\\Users\\ThuvaraganSabesan\\OneDrive - Swivel Group\\Documents\\Ignite Assessment\\thuvaragan-ignite-back-end\\config\\loggerConfig.js","statementMap":{"0":{"start":{"line":5,"column":0},"end":{"line":5,"column":16}},"1":{"start":{"line":7,"column":22},"end":{"line":7,"column":42}},"2":{"start":{"line":9,"column":0},"end":{"line":11,"column":1}},"3":{"start":{"line":10,"column":2},"end":{"line":10,"column":67}},"4":{"start":{"line":13,"column":19},"end":{"line":21,"column":1}},"5":{"start":{"line":14,"column":2},"end":{"line":20,"column":4}},"6":{"start":{"line":18,"column":6},"end":{"line":18,"column":25}},"7":{"start":{"line":18,"column":15},"end":{"line":18,"column":25}},"8":{"start":{"line":23,"column":15},"end":{"line":26,"column":1}},"9":{"start":{"line":24,"column":21},"end":{"line":24,"column":51}},"10":{"start":{"line":25,"column":22},"end":{"line":25,"column":53}}},"fnMap":{"0":{"name":"(anonymous_0)","decl":{"start":{"line":13,"column":19},"end":{"line":13,"column":20}},"loc":{"start":{"line":13,"column":32},"end":{"line":21,"column":1}},"line":13},"1":{"name":"(anonymous_1)","decl":{"start":{"line":17,"column":4},"end":{"line":17,"column":5}},"loc":{"start":{"line":17,"column":13},"end":{"line":19,"column":5}},"line":17},"2":{"name":"(anonymous_2)","decl":{"start":{"line":24,"column":8},"end":{"line":24,"column":9}},"loc":{"start":{"line":24,"column":21},"end":{"line":24,"column":51}},"line":24},"3":{"name":"(anonymous_3)","decl":{"start":{"line":25,"column":9},"end":{"line":25,"column":10}},"loc":{"start":{"line":25,"column":22},"end":{"line":25,"column":53}},"line":25}},"branchMap":{"0":{"loc":{"start":{"line":9,"column":0},"end":{"line":11,"column":1}},"type":"if","locations":[{"start":{"line":9,"column":0},"end":{"line":11,"column":1}},{"start":{},"end":{}}],"line":9},"1":{"loc":{"start":{"line":18,"column":6},"end":{"line":18,"column":25}},"type":"if","locations":[{"start":{"line":18,"column":6},"end":{"line":18,"column":25}},{"start":{},"end":{}}],"line":18}},"s":{"0":2,"1":2,"2":2,"3":0,"4":2,"5":0,"6":0,"7":0,"8":2,"9":0,"10":0},"f":{"0":0,"1":0,"2":0,"3":0},"b":{"0":[0,2],"1":[0,0]},"_coverageSchema":"1a1c01bbd47fc00a2c39e90264f33305004495a9","hash":"795bd4e8cf22606031d850a6d2cb89945805d6bd"}
,"C:\\Users\\ThuvaraganSabesan\\OneDrive - Swivel Group\\Documents\\Ignite Assessment\\thuvaragan-ignite-back-end\\config\\mongoConfig.js": {"path":"C:\\Users\\ThuvaraganSabesan\\OneDrive - Swivel Group\\Documents\\Ignite Assessment\\thuvaragan-ignite-back-end\\config\\mongoConfig.js","statementMap":{"0":{"start":{"line":5,"column":0},"end":{"line":5,"column":16}},"1":{"start":{"line":7,"column":18},"end":{"line":7,"column":41}},"2":{"start":{"line":9,"column":0},"end":{"line":11,"column":1}},"3":{"start":{"line":10,"column":2},"end":{"line":10,"column":70}},"4":{"start":{"line":13,"column":18},"end":{"line":22,"column":1}},"5":{"start":{"line":14,"column":2},"end":{"line":21,"column":3}},"6":{"start":{"line":15,"column":4},"end":{"line":15,"column":69}},"7":{"start":{"line":16,"column":4},"end":{"line":16,"column":38}},"8":{"start":{"line":17,"column":4},"end":{"line":17,"column":69}},"9":{"start":{"line":19,"column":4},"end":{"line":19,"column":67}},"10":{"start":{"line":20,"column":4},"end":{"line":20,"column":35}}},"fnMap":{"0":{"name":"(anonymous_0)","decl":{"start":{"line":13,"column":18},"end":{"line":13,"column":19}},"loc":{"start":{"line":13,"column":30},"end":{"line":22,"column":1}},"line":13}},"branchMap":{"0":{"loc":{"start":{"line":9,"column":0},"end":{"line":11,"column":1}},"type":"if","locations":[{"start":{"line":9,"column":0},"end":{"line":11,"column":1}},{"start":{},"end":{}}],"line":9}},"s":{"0":1,"1":1,"2":1,"3":0,"4":1,"5":2,"6":2,"7":2,"8":1,"9":1,"10":1},"f":{"0":2},"b":{"0":[0,1]},"_coverageSchema":"1a1c01bbd47fc00a2c39e90264f33305004495a9","hash":"bc50428033aecd2a4ff084903069e34fc5ac29ab"}
,"C:\\Users\\ThuvaraganSabesan\\OneDrive - Swivel Group\\Documents\\Ignite Assessment\\thuvaragan-ignite-back-end\\crud-operations-controller\\employeeController.js": {"path":"C:\\Users\\ThuvaraganSabesan\\OneDrive - Swivel Group\\Documents\\Ignite Assessment\\thuvaragan-ignite-back-end\\crud-operations-controller\\employeeController.js","statementMap":{"0":{"start":{"line":6,"column":4},"end":{"line":12,"column":5}},"1":{"start":{"line":7,"column":21},"end":{"line":7,"column":67}},"2":{"start":{"line":8,"column":6},"end":{"line":8,"column":45}},"3":{"start":{"line":11,"column":6},"end":{"line":11,"column":60}},"4":{"start":{"line":17,"column":4},"end":{"line":37,"column":5}},"5":{"start":{"line":25,"column":10},"end":{"line":25,"column":19}},"6":{"start":{"line":27,"column":21},"end":{"line":33,"column":8}},"7":{"start":{"line":34,"column":6},"end":{"line":34,"column":45}},"8":{"start":{"line":36,"column":6},"end":{"line":36,"column":60}},"9":{"start":{"line":42,"column":4},"end":{"line":51,"column":5}},"10":{"start":{"line":43,"column":25},"end":{"line":43,"column":52}},"11":{"start":{"line":44,"column":21},"end":{"line":44,"column":70}},"12":{"start":{"line":45,"column":6},"end":{"line":47,"column":7}},"13":{"start":{"line":46,"column":8},"end":{"line":46,"column":75}},"14":{"start":{"line":48,"column":6},"end":{"line":48,"column":35}},"15":{"start":{"line":50,"column":6},"end":{"line":50,"column":60}},"16":{"start":{"line":56,"column":4},"end":{"line":65,"column":5}},"17":{"start":{"line":57,"column":25},"end":{"line":57,"column":52}},"18":{"start":{"line":58,"column":21},"end":{"line":58,"column":79}},"19":{"start":{"line":59,"column":6},"end":{"line":61,"column":7}},"20":{"start":{"line":60,"column":8},"end":{"line":60,"column":75}},"21":{"start":{"line":62,"column":6},"end":{"line":62,"column":35}},"22":{"start":{"line":64,"column":6},"end":{"line":64,"column":60}},"23":{"start":{"line":70,"column":4},"end":{"line":76,"column":5}},"24":{"start":{"line":71,"column":25},"end":{"line":71,"column":52}},"25":{"start":{"line":72,"column":21},"end":{"line":72,"column":69}},"26":{"start":{"line":73,"column":6},"end":{"line":73,"column":45}},"27":{"start":{"line":75,"column":6},"end":{"line":75,"column":60}}},"fnMap":{"0":{"name":"(anonymous_0)","decl":{"start":{"line":5,"column":2},"end":{"line":5,"column":3}},"loc":{"start":{"line":5,"column":33},"end":{"line":13,"column":3}},"line":5},"1":{"name":"(anonymous_1)","decl":{"start":{"line":16,"column":2},"end":{"line":16,"column":3}},"loc":{"start":{"line":16,"column":34},"end":{"line":38,"column":3}},"line":16},"2":{"name":"(anonymous_2)","decl":{"start":{"line":41,"column":2},"end":{"line":41,"column":3}},"loc":{"start":{"line":41,"column":34},"end":{"line":52,"column":3}},"line":41},"3":{"name":"(anonymous_3)","decl":{"start":{"line":55,"column":2},"end":{"line":55,"column":3}},"loc":{"start":{"line":55,"column":33},"end":{"line":66,"column":3}},"line":55},"4":{"name":"(anonymous_4)","decl":{"start":{"line":69,"column":2},"end":{"line":69,"column":3}},"loc":{"start":{"line":69,"column":33},"end":{"line":77,"column":3}},"line":69}},"branchMap":{"0":{"loc":{"start":{"line":21,"column":8},"end":{"line":21,"column":20}},"type":"default-arg","locations":[{"start":{"line":21,"column":15},"end":{"line":21,"column":20}}],"line":21},"1":{"loc":{"start":{"line":22,"column":8},"end":{"line":22,"column":16}},"type":"default-arg","locations":[{"start":{"line":22,"column":15},"end":{"line":22,"column":16}}],"line":22},"2":{"loc":{"start":{"line":23,"column":8},"end":{"line":23,"column":18}},"type":"default-arg","locations":[{"start":{"line":23,"column":16},"end":{"line":23,"column":18}}],"line":23},"3":{"loc":{"start":{"line":24,"column":8},"end":{"line":24,"column":28}},"type":"default-arg","locations":[{"start":{"line":24,"column":17},"end":{"line":24,"column":28}}],"line":24},"4":{"loc":{"start":{"line":45,"column":6},"end":{"line":47,"column":7}},"type":"if","locations":[{"start":{"line":45,"column":6},"end":{"line":47,"column":7}},{"start":{},"end":{}}],"line":45},"5":{"loc":{"start":{"line":59,"column":6},"end":{"line":61,"column":7}},"type":"if","locations":[{"start":{"line":59,"column":6},"end":{"line":61,"column":7}},{"start":{},"end":{}}],"line":59}},"s":{"0":2,"1":2,"2":1,"3":1,"4":2,"5":2,"6":2,"7":1,"8":1,"9":2,"10":2,"11":2,"12":1,"13":1,"14":0,"15":1,"16":2,"17":2,"18":2,"19":1,"20":1,"21":0,"22":1,"23":2,"24":2,"25":2,"26":1,"27":1},"f":{"0":2,"1":2,"2":2,"3":2,"4":2},"b":{"0":[1],"1":[1],"2":[1],"3":[1],"4":[1,0],"5":[1,0]},"_coverageSchema":"1a1c01bbd47fc00a2c39e90264f33305004495a9","hash":"d367cde7ec146cc44ca53752ef648bb758722e25"}
,"C:\\Users\\ThuvaraganSabesan\\OneDrive - Swivel Group\\Documents\\Ignite Assessment\\thuvaragan-ignite-back-end\\model\\employeeModel.js": {"path":"C:\\Users\\ThuvaraganSabesan\\OneDrive - Swivel Group\\Documents\\Ignite Assessment\\thuvaragan-ignite-back-end\\model\\employeeModel.js","statementMap":{"0":{"start":{"line":5,"column":23},"end":{"line":37,"column":1}},"1":{"start":{"line":39,"column":0},"end":{"line":39,"column":40}},"2":{"start":{"line":42,"column":17},"end":{"line":42,"column":72}}},"fnMap":{},"branchMap":{},"s":{"0":4,"1":4,"2":4},"f":{},"b":{},"_coverageSchema":"1a1c01bbd47fc00a2c39e90264f33305004495a9","hash":"c5543d022d820669f3bd2909f04efb282a1461e9"}
,"C:\\Users\\ThuvaraganSabesan\\OneDrive - Swivel Group\\Documents\\Ignite Assessment\\thuvaragan-ignite-back-end\\routes\\crudRoutes.js": {"path":"C:\\Users\\ThuvaraganSabesan\\OneDrive - Swivel Group\\Documents\\Ignite Assessment\\thuvaragan-ignite-back-end\\routes\\crudRoutes.js","statementMap":{"0":{"start":{"line":5,"column":22},"end":{"line":5,"column":38}},"1":{"start":{"line":54,"column":0},"end":{"line":54,"column":67}},"2":{"start":{"line":89,"column":0},"end":{"line":89,"column":67}},"3":{"start":{"line":131,"column":0},"end":{"line":131,"column":71}},"4":{"start":{"line":182,"column":0},"end":{"line":182,"column":70}},"5":{"start":{"line":205,"column":0},"end":{"line":205,"column":73}}},"fnMap":{},"branchMap":{},"s":{"0":1,"1":1,"2":1,"3":1,"4":1,"5":1},"f":{},"b":{},"_coverageSchema":"1a1c01bbd47fc00a2c39e90264f33305004495a9","hash":"3e9a7c2092dc0b5c736deea483e12f893caba963"}
,"C:\\Users\\ThuvaraganSabesan\\OneDrive - Swivel Group\\Documents\\Ignite Assessment\\thuvaragan-ignite-back-end\\services\\employee-service\\employeeService.js": {"path":"C:\\Users\\ThuvaraganSabesan\\OneDrive - Swivel Group\\Documents\\Ignite Assessment\\thuvaragan-ignite-back-end\\services\\employee-service\\employeeService.js","statementMap":{"0":{"start":{"line":8,"column":6},"end":{"line":8,"column":72}},"1":{"start":{"line":9,"column":4},"end":{"line":15,"column":5}},"2":{"start":{"line":11,"column":6},"end":{"line":14,"column":8}},"3":{"start":{"line":18,"column":24},"end":{"line":18,"column":42}},"4":{"start":{"line":19,"column":30},"end":{"line":19,"column":54}},"5":{"start":{"line":20,"column":4},"end":{"line":24,"column":6}},"6":{"start":{"line":35,"column":18},"end":{"line":35,"column":20}},"7":{"start":{"line":39,"column":4},"end":{"line":50,"column":5}},"8":{"start":{"line":40,"column":27},"end":{"line":40,"column":47}},"9":{"start":{"line":41,"column":6},"end":{"line":49,"column":7}},"10":{"start":{"line":42,"column":8},"end":{"line":42,"column":51}},"11":{"start":{"line":44,"column":8},"end":{"line":48,"column":10}},"12":{"start":{"line":52,"column":22},"end":{"line":52,"column":46}},"13":{"start":{"line":55,"column":25},"end":{"line":55,"column":27}},"14":{"start":{"line":56,"column":4},"end":{"line":60,"column":5}},"15":{"start":{"line":57,"column":6},"end":{"line":57,"column":41}},"16":{"start":{"line":59,"column":6},"end":{"line":59,"column":41}},"17":{"start":{"line":63,"column":22},"end":{"line":66,"column":29}},"18":{"start":{"line":69,"column":23},"end":{"line":69,"column":59}},"19":{"start":{"line":70,"column":23},"end":{"line":70,"column":52}},"20":{"start":{"line":72,"column":21},"end":{"line":81,"column":5}},"21":{"start":{"line":83,"column":4},"end":{"line":83,"column":20}},"22":{"start":{"line":88,"column":4},"end":{"line":88,"column":68}},"23":{"start":{"line":93,"column":27},"end":{"line":95,"column":5}},"24":{"start":{"line":98,"column":4},"end":{"line":100,"column":5}},"25":{"start":{"line":99,"column":6},"end":{"line":99,"column":28}},"26":{"start":{"line":104,"column":6},"end":{"line":107,"column":7}},"27":{"start":{"line":108,"column":4},"end":{"line":113,"column":5}},"28":{"start":{"line":109,"column":6},"end":{"line":112,"column":8}},"29":{"start":{"line":116,"column":32},"end":{"line":120,"column":5}},"30":{"start":{"line":123,"column":4},"end":{"line":128,"column":5}},"31":{"start":{"line":124,"column":6},"end":{"line":127,"column":8}},"32":{"start":{"line":131,"column":4},"end":{"line":135,"column":6}},"33":{"start":{"line":140,"column":27},"end":{"line":142,"column":5}},"34":{"start":{"line":144,"column":4},"end":{"line":146,"column":5}},"35":{"start":{"line":145,"column":6},"end":{"line":145,"column":28}},"36":{"start":{"line":147,"column":4},"end":{"line":147,"column":52}},"37":{"start":{"line":149,"column":4},"end":{"line":152,"column":6}}},"fnMap":{"0":{"name":"(anonymous_0)","decl":{"start":{"line":6,"column":2},"end":{"line":6,"column":3}},"loc":{"start":{"line":6,"column":29},"end":{"line":25,"column":3}},"line":6},"1":{"name":"(anonymous_1)","decl":{"start":{"line":28,"column":2},"end":{"line":28,"column":3}},"loc":{"start":{"line":34,"column":5},"end":{"line":84,"column":3}},"line":34},"2":{"name":"(anonymous_2)","decl":{"start":{"line":87,"column":2},"end":{"line":87,"column":3}},"loc":{"start":{"line":87,"column":36},"end":{"line":89,"column":3}},"line":87},"3":{"name":"(anonymous_3)","decl":{"start":{"line":92,"column":2},"end":{"line":92,"column":3}},"loc":{"start":{"line":92,"column":41},"end":{"line":136,"column":3}},"line":92},"4":{"name":"(anonymous_4)","decl":{"start":{"line":139,"column":2},"end":{"line":139,"column":3}},"loc":{"start":{"line":139,"column":35},"end":{"line":153,"column":3}},"line":139}},"branchMap":{"0":{"loc":{"start":{"line":9,"column":4},"end":{"line":15,"column":5}},"type":"if","locations":[{"start":{"line":9,"column":4},"end":{"line":15,"column":5}},{"start":{},"end":{}}],"line":9},"1":{"loc":{"start":{"line":30,"column":4},"end":{"line":30,"column":16}},"type":"default-arg","locations":[{"start":{"line":30,"column":11},"end":{"line":30,"column":16}}],"line":30},"2":{"loc":{"start":{"line":31,"column":4},"end":{"line":31,"column":12}},"type":"default-arg","locations":[{"start":{"line":31,"column":11},"end":{"line":31,"column":12}}],"line":31},"3":{"loc":{"start":{"line":32,"column":4},"end":{"line":32,"column":14}},"type":"default-arg","locations":[{"start":{"line":32,"column":12},"end":{"line":32,"column":14}}],"line":32},"4":{"loc":{"start":{"line":33,"column":4},"end":{"line":33,"column":24}},"type":"default-arg","locations":[{"start":{"line":33,"column":13},"end":{"line":33,"column":24}}],"line":33},"5":{"loc":{"start":{"line":39,"column":4},"end":{"line":50,"column":5}},"type":"if","locations":[{"start":{"line":39,"column":4},"end":{"line":50,"column":5}},{"start":{},"end":{}}],"line":39},"6":{"loc":{"start":{"line":41,"column":6},"end":{"line":49,"column":7}},"type":"if","locations":[{"start":{"line":41,"column":6},"end":{"line":49,"column":7}},{"start":{"line":43,"column":13},"end":{"line":49,"column":7}}],"line":41},"7":{"loc":{"start":{"line":52,"column":22},"end":{"line":52,"column":46}},"type":"cond-expr","locations":[{"start":{"line":52,"column":40},"end":{"line":52,"column":42}},{"start":{"line":52,"column":45},"end":{"line":52,"column":46}}],"line":52},"8":{"loc":{"start":{"line":56,"column":4},"end":{"line":60,"column":5}},"type":"if","locations":[{"start":{"line":56,"column":4},"end":{"line":60,"column":5}},{"start":{"line":58,"column":11},"end":{"line":60,"column":5}}],"line":56},"9":{"loc":{"start":{"line":98,"column":4},"end":{"line":100,"column":5}},"type":"if","locations":[{"start":{"line":98,"column":4},"end":{"line":100,"column":5}},{"start":{},"end":{}}],"line":98},"10":{"loc":{"start":{"line":108,"column":4},"end":{"line":113,"column":5}},"type":"if","locations":[{"start":{"line":108,"column":4},"end":{"line":113,"column":5}},{"start":{},"end":{}}],"line":108},"11":{"loc":{"start":{"line":123,"column":4},"end":{"line":128,"column":5}},"type":"if","locations":[{"start":{"line":123,"column":4},"end":{"line":128,"column":5}},{"start":{},"end":{}}],"line":123},"12":{"loc":{"start":{"line":144,"column":4},"end":{"line":146,"column":5}},"type":"if","locations":[{"start":{"line":144,"column":4},"end":{"line":146,"column":5}},{"start":{},"end":{}}],"line":144}},"s":{"0":2,"1":2,"2":1,"3":1,"4":1,"5":1,"6":1,"7":1,"8":1,"9":1,"10":0,"11":1,"12":1,"13":1,"14":1,"15":0,"16":1,"17":1,"18":1,"19":1,"20":1,"21":1,"22":2,"23":3,"24":3,"25":1,"26":2,"27":2,"28":1,"29":1,"30":1,"31":0,"32":1,"33":3,"34":3,"35":2,"36":1,"37":1},"f":{"0":2,"1":1,"2":2,"3":3,"4":3},"b":{"0":[1,1],"1":[0],"2":[0],"3":[0],"4":[0],"5":[1,0],"6":[0,1],"7":[0,1],"8":[0,1],"9":[1,2],"10":[1,1],"11":[0,1],"12":[2,1]},"_coverageSchema":"1a1c01bbd47fc00a2c39e90264f33305004495a9","hash":"9ab4d570f6de42697241acac47514b95bd7db35d"}
,"C:\\Users\\ThuvaraganSabesan\\OneDrive - Swivel Group\\Documents\\Ignite Assessment\\thuvaragan-ignite-back-end\\services\\validation-service\\crudValidationService.js": {"path":"C:\\Users\\ThuvaraganSabesan\\OneDrive - Swivel Group\\Documents\\Ignite Assessment\\thuvaragan-ignite-back-end\\services\\validation-service\\crudValidationService.js","statementMap":{"0":{"start":{"line":7,"column":29},"end":{"line":7,"column":75}},"1":{"start":{"line":8,"column":41},"end":{"line":8,"column":45}},"2":{"start":{"line":9,"column":19},"end":{"line":9,"column":41}},"3":{"start":{"line":12,"column":4},"end":{"line":17,"column":5}},"4":{"start":{"line":13,"column":6},"end":{"line":16,"column":8}},"5":{"start":{"line":20,"column":30},"end":{"line":23,"column":6}},"6":{"start":{"line":24,"column":4},"end":{"line":26,"column":5}},"7":{"start":{"line":25,"column":6},"end":{"line":25,"column":99}},"8":{"start":{"line":29,"column":28},"end":{"line":32,"column":6}},"9":{"start":{"line":33,"column":4},"end":{"line":35,"column":5}},"10":{"start":{"line":34,"column":6},"end":{"line":34,"column":93}},"11":{"start":{"line":37,"column":4},"end":{"line":42,"column":5}},"12":{"start":{"line":38,"column":6},"end":{"line":41,"column":8}},"13":{"start":{"line":44,"column":4},"end":{"line":44,"column":16}},"14":{"start":{"line":49,"column":27},"end":{"line":49,"column":65}},"15":{"start":{"line":51,"column":4},"end":{"line":56,"column":5}},"16":{"start":{"line":52,"column":6},"end":{"line":55,"column":8}},"17":{"start":{"line":57,"column":4},"end":{"line":57,"column":26}}},"fnMap":{"0":{"name":"(anonymous_0)","decl":{"start":{"line":5,"column":2},"end":{"line":5,"column":3}},"loc":{"start":{"line":5,"column":65},"end":{"line":45,"column":3}},"line":5},"1":{"name":"(anonymous_1)","decl":{"start":{"line":48,"column":2},"end":{"line":48,"column":3}},"loc":{"start":{"line":48,"column":44},"end":{"line":58,"column":3}},"line":48}},"branchMap":{"0":{"loc":{"start":{"line":5,"column":54},"end":{"line":5,"column":63}},"type":"default-arg","locations":[{"start":{"line":5,"column":59},"end":{"line":5,"column":63}}],"line":5},"1":{"loc":{"start":{"line":9,"column":19},"end":{"line":9,"column":41}},"type":"binary-expr","locations":[{"start":{"line":9,"column":19},"end":{"line":9,"column":35}},{"start":{"line":9,"column":39},"end":{"line":9,"column":41}}],"line":9},"2":{"loc":{"start":{"line":12,"column":4},"end":{"line":17,"column":5}},"type":"if","locations":[{"start":{"line":12,"column":4},"end":{"line":17,"column":5}},{"start":{},"end":{}}],"line":12},"3":{"loc":{"start":{"line":22,"column":10},"end":{"line":22,"column":36}},"type":"binary-expr","locations":[{"start":{"line":22,"column":10},"end":{"line":22,"column":12}},{"start":{"line":22,"column":16},"end":{"line":22,"column":36}}],"line":22},"4":{"loc":{"start":{"line":24,"column":4},"end":{"line":26,"column":5}},"type":"if","locations":[{"start":{"line":24,"column":4},"end":{"line":26,"column":5}},{"start":{},"end":{}}],"line":24},"5":{"loc":{"start":{"line":31,"column":10},"end":{"line":31,"column":36}},"type":"binary-expr","locations":[{"start":{"line":31,"column":10},"end":{"line":31,"column":12}},{"start":{"line":31,"column":16},"end":{"line":31,"column":36}}],"line":31},"6":{"loc":{"start":{"line":33,"column":4},"end":{"line":35,"column":5}},"type":"if","locations":[{"start":{"line":33,"column":4},"end":{"line":35,"column":5}},{"start":{},"end":{}}],"line":33},"7":{"loc":{"start":{"line":37,"column":4},"end":{"line":42,"column":5}},"type":"if","locations":[{"start":{"line":37,"column":4},"end":{"line":42,"column":5}},{"start":{},"end":{}}],"line":37},"8":{"loc":{"start":{"line":51,"column":4},"end":{"line":56,"column":5}},"type":"if","locations":[{"start":{"line":51,"column":4},"end":{"line":56,"column":5}},{"start":{},"end":{}}],"line":51}},"s":{"0":4,"1":4,"2":4,"3":4,"4":1,"5":3,"6":3,"7":1,"8":3,"9":3,"10":1,"11":3,"12":2,"13":1,"14":2,"15":2,"16":1,"17":1},"f":{"0":4,"1":2},"b":{"0":[4],"1":[4,0],"2":[1,3],"3":[3,0],"4":[1,2],"5":[3,0],"6":[1,2],"7":[2,1],"8":[1,1]},"_coverageSchema":"1a1c01bbd47fc00a2c39e90264f33305004495a9","hash":"31cf644fa022e045bc3a39ca012a41ce62c03ce1"}
,"C:\\Users\\ThuvaraganSabesan\\OneDrive - Swivel Group\\Documents\\Ignite Assessment\\thuvaragan-ignite-back-end\\services\\validation-service\\employeeValidationService.js": {"path":"C:\\Users\\ThuvaraganSabesan\\OneDrive - Swivel Group\\Documents\\Ignite Assessment\\thuvaragan-ignite-back-end\\services\\validation-service\\employeeValidationService.js","statementMap":{"0":{"start":{"line":7,"column":36},"end":{"line":50,"column":4}},"1":{"start":{"line":53,"column":4},"end":{"line":70,"column":5}},"2":{"start":{"line":55,"column":6},"end":{"line":55,"column":80}},"3":{"start":{"line":56,"column":6},"end":{"line":56,"column":18}},"4":{"start":{"line":59,"column":6},"end":{"line":68,"column":7}},"5":{"start":{"line":61,"column":23},"end":{"line":66,"column":14}},"6":{"start":{"line":62,"column":10},"end":{"line":64,"column":11}},"7":{"start":{"line":63,"column":12},"end":{"line":63,"column":42}},"8":{"start":{"line":65,"column":10},"end":{"line":65,"column":21}},"9":{"start":{"line":67,"column":8},"end":{"line":67,"column":22}},"10":{"start":{"line":69,"column":6},"end":{"line":69,"column":18}}},"fnMap":{"0":{"name":"(anonymous_0)","decl":{"start":{"line":52,"column":2},"end":{"line":52,"column":3}},"loc":{"start":{"line":52,"column":30},"end":{"line":71,"column":3}},"line":52},"1":{"name":"(anonymous_1)","decl":{"start":{"line":61,"column":42},"end":{"line":61,"column":43}},"loc":{"start":{"line":61,"column":57},"end":{"line":66,"column":9}},"line":61}},"branchMap":{"0":{"loc":{"start":{"line":59,"column":6},"end":{"line":68,"column":7}},"type":"if","locations":[{"start":{"line":59,"column":6},"end":{"line":68,"column":7}},{"start":{},"end":{}}],"line":59},"1":{"loc":{"start":{"line":62,"column":10},"end":{"line":64,"column":11}},"type":"if","locations":[{"start":{"line":62,"column":10},"end":{"line":64,"column":11}},{"start":{},"end":{}}],"line":62}},"s":{"0":4,"1":2,"2":2,"3":1,"4":1,"5":1,"6":6,"7":6,"8":6,"9":1,"10":0},"f":{"0":2,"1":6},"b":{"0":[1,0],"1":[6,0]},"_coverageSchema":"1a1c01bbd47fc00a2c39e90264f33305004495a9","hash":"a2e8b7d19aa9db7254ae27fd16cb729f413c1c97"}
}
