TN:
SF:config\appConfig.js
FNF:0
FNH:0
DA:1,1
LF:1
LH:1
BRF:0
BRH:0
end_of_record
TN:
SF:config\loggerConfig.js
FN:13,(anonymous_0)
FN:17,(anonymous_1)
FN:24,(anonymous_2)
FN:25,(anonymous_3)
FNF:4
FNH:0
FNDA:0,(anonymous_0)
FNDA:0,(anonymous_1)
FNDA:0,(anonymous_2)
FNDA:0,(anonymous_3)
DA:5,2
DA:7,2
DA:9,2
DA:10,0
DA:13,2
DA:14,0
DA:18,0
DA:23,2
DA:24,0
DA:25,0
LF:10
LH:5
BRDA:9,0,0,0
BRDA:9,0,1,2
BRDA:18,1,0,0
BRDA:18,1,1,0
BRF:4
BRH:1
end_of_record
TN:
SF:config\mongoConfig.js
FN:13,(anonymous_0)
FNF:1
FNH:1
FNDA:2,(anonymous_0)
DA:5,1
DA:7,1
DA:9,1
DA:10,0
DA:13,1
DA:14,2
DA:15,2
DA:16,2
DA:17,1
DA:19,1
DA:20,1
LF:11
LH:10
BRDA:9,0,0,0
BRDA:9,0,1,1
BRF:2
BRH:1
end_of_record
TN:
SF:crud-operations-controller\employeeController.js
FN:5,(anonymous_0)
FN:16,(anonymous_1)
FN:41,(anonymous_2)
FN:55,(anonymous_3)
FN:69,(anonymous_4)
FNF:5
FNH:5
FNDA:2,(anonymous_0)
FNDA:2,(anonymous_1)
FNDA:2,(anonymous_2)
FNDA:2,(anonymous_3)
FNDA:2,(anonymous_4)
DA:6,2
DA:7,2
DA:8,1
DA:11,1
DA:17,2
DA:25,2
DA:27,2
DA:34,1
DA:36,1
DA:42,2
DA:43,2
DA:44,2
DA:45,1
DA:46,1
DA:48,0
DA:50,1
DA:56,2
DA:57,2
DA:58,2
DA:59,1
DA:60,1
DA:62,0
DA:64,1
DA:70,2
DA:71,2
DA:72,2
DA:73,1
DA:75,1
LF:28
LH:26
BRDA:21,0,0,1
BRDA:22,1,0,1
BRDA:23,2,0,1
BRDA:24,3,0,1
BRDA:45,4,0,1
BRDA:45,4,1,0
BRDA:59,5,0,1
BRDA:59,5,1,0
BRF:8
BRH:6
end_of_record
TN:
SF:model\employeeModel.js
FNF:0
FNH:0
DA:5,4
DA:39,4
DA:42,4
LF:3
LH:3
BRF:0
BRH:0
end_of_record
TN:
SF:routes\crudRoutes.js
FNF:0
FNH:0
DA:5,1
DA:54,1
DA:89,1
DA:131,1
DA:182,1
DA:205,1
LF:6
LH:6
BRF:0
BRH:0
end_of_record
TN:
SF:services\employee-service\employeeService.js
FN:6,(anonymous_0)
FN:28,(anonymous_1)
FN:87,(anonymous_2)
FN:92,(anonymous_3)
FN:139,(anonymous_4)
FNF:5
FNH:5
FNDA:2,(anonymous_0)
FNDA:1,(anonymous_1)
FNDA:2,(anonymous_2)
FNDA:3,(anonymous_3)
FNDA:3,(anonymous_4)
DA:8,2
DA:9,2
DA:11,1
DA:18,1
DA:19,1
DA:20,1
DA:35,1
DA:39,1
DA:40,1
DA:41,1
DA:42,0
DA:44,1
DA:52,1
DA:55,1
DA:56,1
DA:57,0
DA:59,1
DA:63,1
DA:69,1
DA:70,1
DA:72,1
DA:83,1
DA:88,2
DA:93,3
DA:98,3
DA:99,1
DA:104,2
DA:108,2
DA:109,1
DA:116,1
DA:123,1
DA:124,0
DA:131,1
DA:140,3
DA:144,3
DA:145,2
DA:147,1
DA:149,1
LF:38
LH:35
BRDA:9,0,0,1
BRDA:9,0,1,1
BRDA:30,1,0,0
BRDA:31,2,0,0
BRDA:32,3,0,0
BRDA:33,4,0,0
BRDA:39,5,0,1
BRDA:39,5,1,0
BRDA:41,6,0,0
BRDA:41,6,1,1
BRDA:52,7,0,0
BRDA:52,7,1,1
BRDA:56,8,0,0
BRDA:56,8,1,1
BRDA:98,9,0,1
BRDA:98,9,1,2
BRDA:108,10,0,1
BRDA:108,10,1,1
BRDA:123,11,0,0
BRDA:123,11,1,1
BRDA:144,12,0,2
BRDA:144,12,1,1
BRF:22
BRH:13
end_of_record
TN:
SF:services\validation-service\crudValidationService.js
FN:5,(anonymous_0)
FN:48,(anonymous_1)
FNF:2
FNH:2
FNDA:4,(anonymous_0)
FNDA:2,(anonymous_1)
DA:7,4
DA:8,4
DA:9,4
DA:12,4
DA:13,1
DA:20,3
DA:24,3
DA:25,1
DA:29,3
DA:33,3
DA:34,1
DA:37,3
DA:38,2
DA:44,1
DA:49,2
DA:51,2
DA:52,1
DA:57,1
LF:18
LH:18
BRDA:5,0,0,4
BRDA:9,1,0,4
BRDA:9,1,1,0
BRDA:12,2,0,1
BRDA:12,2,1,3
BRDA:22,3,0,3
BRDA:22,3,1,0
BRDA:24,4,0,1
BRDA:24,4,1,2
BRDA:31,5,0,3
BRDA:31,5,1,0
BRDA:33,6,0,1
BRDA:33,6,1,2
BRDA:37,7,0,2
BRDA:37,7,1,1
BRDA:51,8,0,1
BRDA:51,8,1,1
BRF:17
BRH:14
end_of_record
TN:
SF:services\validation-service\employeeValidationService.js
FN:52,(anonymous_0)
FN:61,(anonymous_1)
FNF:2
FNH:2
FNDA:2,(anonymous_0)
FNDA:6,(anonymous_1)
DA:7,4
DA:53,2
DA:55,2
DA:56,1
DA:59,1
DA:61,1
DA:62,6
DA:63,6
DA:65,6
DA:67,1
DA:69,0
LF:11
LH:10
BRDA:59,0,0,1
BRDA:59,0,1,0
BRDA:62,1,0,6
BRDA:62,1,1,0
BRF:4
BRH:2
end_of_record
